<?xml version="1.0" encoding="UTF-8"?>
<testng-results skipped="0" failed="0" total="1" passed="1">
  <reporter-output>
  </reporter-output>
  <suite name="Default suite" duration-ms="20957" started-at="2016-07-09T16:32:27Z" finished-at="2016-07-09T16:32:48Z">
    <groups>
    </groups>
    <test name="Default test" duration-ms="20957" started-at="2016-07-09T16:32:27Z" finished-at="2016-07-09T16:32:48Z">
      <class name="tests.MyHomePageTest">
        <test-method status="PASS" signature="launchPortal()[pri:0, instance:tests.MyHomePageTest@59f99ea]" name="launchPortal" is-config="true" duration-ms="10002" started-at="2016-07-09T22:02:27Z" finished-at="2016-07-09T22:02:37Z">
          <reporter-output>
          </reporter-output>
        </test-method> <!-- launchPortal -->
        <test-method status="PASS" signature="verifySuccesfullLogin()[pri:0, instance:tests.MyHomePageTest@59f99ea]" name="verifySuccesfullLogin" duration-ms="9424" started-at="2016-07-09T22:02:37Z" finished-at="2016-07-09T22:02:46Z">
          <reporter-output>
          </reporter-output>
        </test-method> <!-- verifySuccesfullLogin -->
        <test-method status="PASS" signature="tearDown()[pri:0, instance:tests.MyHomePageTest@59f99ea]" name="tearDown" is-config="true" duration-ms="1494" started-at="2016-07-09T22:02:46Z" finished-at="2016-07-09T22:02:48Z">
          <reporter-output>
          </reporter-output>
        </test-method> <!-- tearDown -->
      </class> <!-- tests.MyHomePageTest -->
    </test> <!-- Default test -->
  </suite> <!-- Default suite -->
</testng-results>
